0	-1.3462	-0.26524	1.37208	-1.3462	-0.26524	1.37208
1	-1.27414	-0.220922	1.29315	-1.27414	-0.220922	1.29315
2	-1.20609	-0.178667	1.21925	-1.20609	-0.178667	1.21925
3	-1.14263	-0.138706	1.15102	-1.14263	-0.138706	1.15102
4	-1.08281	-0.100613	1.08747	-1.08281	-0.100613	1.08747
5	-1.02712	-0.0645904	1.02915	-1.02712	-0.0645904	1.02915
6	-0.974827	-0.03031	0.975298	-0.974827	-0.03031	0.975298
7	-0.926159	0.00214604	0.926161	-0.926159	0.00214604	0.926161
8	-0.880678	0.0329726	0.881295	-0.880678	0.0329726	0.881295
9	-0.838368	0.062188	0.840671	-0.838368	0.062188	0.840671
10	-0.79902	0.0898895	0.804061	-0.79902	0.0898895	0.804061
11	-0.762454	0.116162	0.771252	-0.762454	0.116162	0.771252
12	-0.72862	0.141036	0.742144	-0.72862	0.141036	0.742144
13	-0.697232	0.164637	0.716406	-0.697232	0.164637	0.716406
14	-0.668348	0.186949	0.694002	-0.668348	0.186949	0.694002
15	-0.64162	0.208122	0.67453	-0.64162	0.208122	0.67453
16	-0.617179	0.228109	0.657985	-0.617179	0.228109	0.657985
17	-0.594643	0.247073	0.64393	-0.594643	0.247073	0.64393
18	-0.574189	0.264946	0.632368	-0.574189	0.264946	0.632368
19	-0.555422	0.281894	0.622863	-0.555422	0.281894	0.622863
20	-0.538543	0.297841	0.615417	-0.538543	0.297841	0.615417
21	-0.523166	0.312945	0.609621	-0.523166	0.312945	0.609621
22	-0.509496	0.32713	0.605475	-0.509496	0.32713	0.605475
23	-0.497168	0.340544	0.602616	-0.497168	0.340544	0.602616
24	-0.486375	0.353114	0.601041	-0.486375	0.353114	0.601041
25	-0.476789	0.364973	0.600444	-0.476789	0.364973	0.600444
26	-0.468518	0.376082	0.600788	-0.468518	0.376082	0.600788
27	-0.461508	0.386463	0.60195	-0.461508	0.386463	0.60195
28	-0.45552	0.396214	0.603725	-0.45552	0.396214	0.603725
29	-0.450706	0.405277	0.606123	-0.450706	0.405277	0.606123
30	-0.446821	0.413749	0.608964	-0.446821	0.413749	0.608964
31	-0.443979	0.421588	0.612253	-0.443979	0.421588	0.612253
32	-0.441986	0.428871	0.615859	-0.441986	0.428871	0.615859
33	-0.440915	0.435571	0.61978	-0.440915	0.435571	0.61978
34	-0.440619	0.441745	0.623926	-0.440619	0.441745	0.623926
35	-0.441139	0.447379	0.628293	-0.441139	0.447379	0.628293
36	-0.442368	0.452516	0.632819	-0.442368	0.452516	0.632819
37	-0.444313	0.457153	0.637497	-0.444313	0.457153	0.637497
38	-0.446909	0.461316	0.642292	-0.446909	0.461316	0.642292
39	-0.450133	0.465014	0.647192	-0.450133	0.465014	0.647192
40	-0.453952	0.46826	0.652181	-0.453952	0.46826	0.652181
41	-0.45832	0.471073	0.657242	-0.45832	0.471073	0.657242
42	-0.463231	0.473455	0.662377	-0.463231	0.473455	0.662377
43	-0.468623	0.475431	0.667564	-0.468623	0.475431	0.667564
44	-0.474506	0.476996	0.672815	-0.474506	0.476996	0.672815
45	-0.480808	0.478177	0.678108	-0.480808	0.478177	0.678108
46	-0.487554	0.478967	0.683461	-0.487554	0.478967	0.683461
47	-0.494667	0.479394	0.688849	-0.494667	0.479394	0.688849
48	-0.502175	0.479447	0.694297	-0.502175	0.479447	0.694297
49	-0.510003	0.479155	0.69978	-0.510003	0.479155	0.69978
50	-0.518181	0.478507	0.705323	-0.518181	0.478507	0.705323
51	-0.526638	0.477529	0.710902	-0.526638	0.477529	0.710902
52	-0.535401	0.476212	0.716541	-0.535401	0.476212	0.716541
53	-0.544407	0.474578	0.722221	-0.544407	0.474578	0.722221
54	-0.553675	0.472622	0.727962	-0.553675	0.472622	0.727962
55	-0.563158	0.470361	0.733748	-0.563158	0.470361	0.733748
56	-0.572858	0.467794	0.739593	-0.572858	0.467794	0.739593
57	-0.582747	0.464931	0.74549	-0.582747	0.464931	0.74549
58	-0.592812	0.461778	0.751442	-0.592812	0.461778	0.751442
59	-0.603043	0.458339	0.757453	-0.603043	0.458339	0.757453
60	-0.613412	0.454624	0.763516	-0.613412	0.454624	0.763516
61	-0.623923	0.450632	0.769642	-0.623923	0.450632	0.769642
62	-0.63454	0.446376	0.775817	-0.63454	0.446376	0.775817
63	-0.645274	0.441853	0.782057	-0.645274	0.441853	0.782057
64	-0.656085	0.437078	0.788343	-0.656085	0.437078	0.788343
65	-0.66699	0.432045	0.794694	-0.66699	0.432045	0.794694
66	-0.677944	0.426771	0.801088	-0.677944	0.426771	0.801088
67	-0.688971	0.421247	0.807546	-0.688971	0.421247	0.807546
68	-0.700022	0.415493	0.814042	-0.700022	0.415493	0.814042
69	-0.711123	0.409499	0.8206	-0.711123	0.409499	0.8206
70	-0.722228	0.403282	0.827194	-0.722228	0.403282	0.827194
71	-0.733358	0.396835	0.833842	-0.733358	0.396835	0.833842
72	-0.744477	0.390174	0.840525	-0.744477	0.390174	0.840525
73	-0.755597	0.383293	0.847255	-0.755597	0.383293	0.847255
74	-0.766687	0.376205	0.854014	-0.766687	0.376205	0.854014
75	-0.77776	0.368906	0.860815	-0.77776	0.368906	0.860815
76	-0.788788	0.361408	0.867641	-0.788788	0.361408	0.867641
77	-0.799769	0.353711	0.874495	-0.799769	0.353711	0.874495
78	-0.810706	0.345816	0.881381	-0.810706	0.345816	0.881381
79	-0.821569	0.337735	0.88828	-0.821569	0.337735	0.88828
80	-0.832372	0.329464	0.895204	-0.832372	0.329464	0.895204
81	-0.843089	0.321014	0.902136	-0.843089	0.321014	0.902136
82	-0.853727	0.312383	0.909084	-0.853727	0.312383	0.909084
83	-0.865321	0.303181	0.916897	-0.865321	0.303181	0.916897
84	-0.875748	0.294212	0.923848	-0.875748	0.294212	0.923848
85	-0.886051	0.285084	0.930784	-0.886051	0.285084	0.930784
86	-0.89623	0.275796	0.937705	-0.89623	0.275796	0.937705
87	-0.906274	0.266356	0.944604	-0.906274	0.266356	0.944604
88	-0.916181	0.256766	0.951481	-0.916181	0.256766	0.951481
89	-0.925945	0.247029	0.95833	-0.925945	0.247029	0.95833
90	-0.93556	0.23715	0.965148	-0.93556	0.23715	0.965148
91	-0.945021	0.227131	0.971933	-0.945021	0.227131	0.971933
92	-0.954324	0.216977	0.978679	-0.954324	0.216977	0.978679
93	-0.963465	0.206692	0.985386	-0.963465	0.206692	0.985386
94	-0.972436	0.196279	0.992047	-0.972436	0.196279	0.992047
95	-0.981237	0.18574	0.998662	-0.981237	0.18574	0.998662
96	-0.989859	0.175083	1.00522	-0.989859	0.175083	1.00522
97	-0.998303	0.164307	1.01173	-0.998303	0.164307	1.01173
98	-1.00656	0.15342	1.01818	-1.00656	0.15342	1.01818
99	-1.01463	0.142422	1.02458	-1.01463	0.142422	1.02458
100	-1.0225	0.13132	1.0309	-1.0225	0.13132	1.0309
101	-1.03018	0.120115	1.03716	-1.03018	0.120115	1.03716
102	-1.03766	0.108813	1.04335	-1.03766	0.108813	1.04335
103	-1.04494	0.0974164	1.04947	-1.04494	0.0974164	1.04947
104	-1.05201	0.08593	1.05551	-1.05201	0.08593	1.05551
105	-1.05887	0.0743567	1.06148	-1.05887	0.0743567	1.06148
106	-1.06552	0.0627012	1.06736	-1.06552	0.0627012	1.06736
107	-1.07195	0.0509668	1.07316	-1.07195	0.0509668	1.07316
108	-1.07816	0.0391575	1.07887	-1.07816	0.0391575	1.07887
109	-1.08415	0.0272774	1.08449	-1.08415	0.0272774	1.08449
110	-1.08992	0.0153299	1.09003	-1.08992	0.0153299	1.09003
111	-1.09546	0.00332008	1.09546	-1.09546	0.00332008	1.09546
112	-1.10077	-0.00874958	1.10081	-1.10077	-0.00874958	1.10081
113	-1.10585	-0.0208724	1.10604	-1.10585	-0.0208724	1.10604
114	-1.11069	-0.0330468	1.11118	-1.11069	-0.0330468	1.11118
115	-1.11529	-0.0452659	1.11621	-1.11529	-0.0452659	1.11621
116	-1.11965	-0.0575265	1.12113	-1.11965	-0.0575265	1.12113
117	-1.12376	-0.0698233	1.12593	-1.12376	-0.0698233	1.12593
118	-1.12763	-0.0821514	1.13061	-1.12763	-0.0821514	1.13061
119	-1.13124	-0.0945068	1.13518	-1.13124	-0.0945068	1.13518
120	-1.13459	-0.106883	1.13961	-1.13459	-0.106883	1.13961
121	-1.13768	-0.119277	1.14391	-1.13768	-0.119277	1.14391
122	-1.1405	-0.131683	1.14808	-1.1405	-0.131683	1.14808
123	-1.14306	-0.144095	1.15211	-1.14306	-0.144095	1.15211
124	-1.14534	-0.15651	1.15599	-1.14534	-0.15651	1.15599
125	-1.14736	-0.16892	1.15972	-1.14736	-0.16892	1.15972
126	-1.14908	-0.181322	1.1633	-1.14908	-0.181322	1.1633
127	-1.15053	-0.193708	1.16672	-1.15053	-0.193708	1.16672
128	-1.15169	-0.206075	1.16998	-1.15169	-0.206075	1.16998
129	-1.15256	-0.218416	1.17307	-1.15256	-0.218416	1.17307
130	-1.15313	-0.230729	1.17599	-1.15313	-0.230729	1.17599
131	-1.15342	-0.243007	1.17874	-1.15342	-0.243007	1.17874
132	-1.15341	-0.255246	1.18131	-1.15341	-0.255246	1.18131
133	-1.1531	-0.267442	1.18371	-1.1531	-0.267442	1.18371
134	-1.1525	-0.27959	1.18593	-1.1525	-0.27959	1.18593
135	-1.1516	-0.291685	1.18796	-1.1516	-0.291685	1.18796
136	-1.1504	-0.303723	1.18981	-1.1504	-0.303723	1.18981
137	-1.14889	-0.315698	1.19148	-1.14889	-0.315698	1.19148
138	-1.14709	-0.327607	1.19296	-1.14709	-0.327607	1.19296
139	-1.14499	-0.339447	1.19425	-1.14499	-0.339447	1.19425
140	-1.14259	-0.351212	1.19535	-1.14259	-0.351212	1.19535
141	-1.1399	-0.362901	1.19627	-1.1399	-0.362901	1.19627
142	-1.13691	-0.374508	1.19701	-1.13691	-0.374508	1.19701
143	-1.13363	-0.386033	1.19756	-1.13363	-0.386033	1.19756
144	-1.13007	-0.39747	1.19793	-1.13007	-0.39747	1.19793
145	-1.12621	-0.408817	1.19812	-1.12621	-0.408817	1.19812
146	-1.12208	-0.420071	1.19813	-1.12208	-0.420071	1.19813
147	-1.11766	-0.431228	1.19797	-1.11766	-0.431228	1.19797
148	-1.11297	-0.442286	1.19763	-1.11297	-0.442286	1.19763
149	-1.108	-0.453241	1.19712	-1.108	-0.453241	1.19712
150	-1.10277	-0.464095	1.19644	-1.10277	-0.464095	1.19644
151	-1.09727	-0.474843	1.19561	-1.09727	-0.474843	1.19561
152	-1.09152	-0.485483	1.19462	-1.09152	-0.485483	1.19462
153	-1.08552	-0.496012	1.19347	-1.08552	-0.496012	1.19347
154	-1.07926	-0.506427	1.19217	-1.07926	-0.506427	1.19217
155	-1.07275	-0.516724	1.19071	-1.07275	-0.516724	1.19071
156	-1.06599	-0.526901	1.1891	-1.06599	-0.526901	1.1891
157	-1.05899	-0.536954	1.18734	-1.05899	-0.536954	1.18734
158	-1.05175	-0.546881	1.18543	-1.05175	-0.546881	1.18543
159	-1.04427	-0.556679	1.18338	-1.04427	-0.556679	1.18338
160	-1.03655	-0.566346	1.18118	-1.03655	-0.566346	1.18118
161	-1.0286	-0.575877	1.17884	-1.0286	-0.575877	1.17884
162	-1.02043	-0.585273	1.17636	-1.02043	-0.585273	1.17636
163	-1.01204	-0.594531	1.17375	-1.01204	-0.594531	1.17375
164	-1.00343	-0.60365	1.17101	-1.00343	-0.60365	1.17101
165	-0.994609	-0.612626	1.16814	-0.994609	-0.612626	1.16814
166	-0.985579	-0.621457	1.16515	-0.985579	-0.621457	1.16515
167	-0.976341	-0.63014	1.16203	-0.976341	-0.63014	1.16203
168	-0.9669	-0.638673	1.15879	-0.9669	-0.638673	1.15879
169	-0.957258	-0.647052	1.15543	-0.957258	-0.647052	1.15543
170	-0.94742	-0.655277	1.15195	-0.94742	-0.655277	1.15195
171	-0.937388	-0.663343	1.14835	-0.937388	-0.663343	1.14835
172	-0.927166	-0.671249	1.14464	-0.927166	-0.671249	1.14464
173	-0.916758	-0.678993	1.14082	-0.916758	-0.678993	1.14082
174	-0.906167	-0.686572	1.13689	-0.906167	-0.686572	1.13689
175	-0.895397	-0.693984	1.13285	-0.895397	-0.693984	1.13285
176	-0.884451	-0.701227	1.1287	-0.884451	-0.701227	1.1287
177	-0.873335	-0.7083	1.12446	-0.873335	-0.7083	1.12446
178	-0.86205	-0.7152	1.12011	-0.86205	-0.7152	1.12011
179	-0.850604	-0.721926	1.11566	-0.850604	-0.721926	1.11566
180	-0.838992	-0.728473	1.11112	-0.838992	-0.728473	1.11112
181	-0.827226	-0.734842	1.10648	-0.827226	-0.734842	1.10648
182	-0.815299	-0.741027	1.10174	-0.815299	-0.741027	1.10174
183	-0.803225	-0.74703	1.09692	-0.803225	-0.74703	1.09692
184	-0.790996	-0.752845	1.09199	-0.790996	-0.752845	1.09199
185	-0.778626	-0.758474	1.08699	-0.778626	-0.758474	1.08699
186	-0.766109	-0.76391	1.08189	-0.766109	-0.76391	1.08189
187	-0.753457	-0.769157	1.07671	-0.753457	-0.769157	1.07671
188	-0.740664	-0.774208	1.07144	-0.740664	-0.774208	1.07144
189	-0.72774	-0.779064	1.06609	-0.72774	-0.779064	1.06609
190	-0.71468	-0.78372	1.06065	-0.71468	-0.78372	1.06065
191	-0.701495	-0.788177	1.05514	-0.701495	-0.788177	1.05514
192	-0.688179	-0.79243	1.04954	-0.688179	-0.79243	1.04954
193	-0.674743	-0.796479	1.04387	-0.674743	-0.796479	1.04387
194	-0.661184	-0.800322	1.03811	-0.661184	-0.800322	1.03811
195	-0.64751	-0.803958	1.03229	-0.64751	-0.803958	1.03229
196	-0.633721	-0.807384	1.02639	-0.633721	-0.807384	1.02639
197	-0.619824	-0.810601	1.02042	-0.619824	-0.810601	1.02042
198	-0.605823	-0.813608	1.01439	-0.605823	-0.813608	1.01439
199	-0.591716	-0.816401	1.00828	-0.591716	-0.816401	1.00828
200	-0.577512	-0.818981	1.00212	-0.577512	-0.818981	1.00212
201	-0.563208	-0.821344	0.995896	-0.563208	-0.821344	0.995896
202	-0.548814	-0.823492	0.989613	-0.548814	-0.823492	0.989613
203	-0.534325	-0.82542	0.983271	-0.534325	-0.82542	0.983271
204	-0.519751	-0.82713	0.976875	-0.519751	-0.82713	0.976875
205	-0.505091	-0.828619	0.970425	-0.505091	-0.828619	0.970425
206	-0.490349	-0.829886	0.963926	-0.490349	-0.829886	0.963926
207	-0.475528	-0.830931	0.957378	-0.475528	-0.830931	0.957378
208	-0.460632	-0.831752	0.950786	-0.460632	-0.831752	0.950786
209	-0.445661	-0.832348	0.944149	-0.445661	-0.832348	0.944149
210	-0.430621	-0.832719	0.937472	-0.430621	-0.832719	0.937472
211	-0.415511	-0.832862	0.930757	-0.415511	-0.832862	0.930757
212	-0.400336	-0.832776	0.924005	-0.400336	-0.832776	0.924005
213	-0.385097	-0.832462	0.91722	-0.385097	-0.832462	0.91722
214	-0.369797	-0.831917	0.910404	-0.369797	-0.831917	0.910404
215	-0.354438	-0.831142	0.903562	-0.354438	-0.831142	0.903562
216	-0.339024	-0.830135	0.896694	-0.339024	-0.830135	0.896694
217	-0.323556	-0.828895	0.889807	-0.323556	-0.828895	0.889807
218	-0.308039	-0.827423	0.882902	-0.308039	-0.827423	0.882902
219	-0.292474	-0.825718	0.875986	-0.292474	-0.825718	0.875986
220	-0.276863	-0.823779	0.86906	-0.276863	-0.823779	0.86906
221	-0.26121	-0.821605	0.862129	-0.26121	-0.821605	0.862129
222	-0.245517	-0.819197	0.855197	-0.245517	-0.819197	0.855197
223	-0.229785	-0.816553	0.848269	-0.229785	-0.816553	0.848269
224	-0.214016	-0.813673	0.841348	-0.214016	-0.813673	0.841348
225	-0.198214	-0.810557	0.834441	-0.198214	-0.810557	0.834441
226	-0.18238	-0.807205	0.827552	-0.18238	-0.807205	0.827552
227	-0.166518	-0.803617	0.820688	-0.166518	-0.803617	0.820688
228	-0.150631	-0.799793	0.813854	-0.150631	-0.799793	0.813854
229	-0.134722	-0.795734	0.807058	-0.134722	-0.795734	0.807058
230	-0.118794	-0.791441	0.800307	-0.118794	-0.791441	0.800307
231	-0.10285	-0.786914	0.793606	-0.10285	-0.786914	0.793606
232	-0.0868917	-0.782152	0.786964	-0.0868917	-0.782152	0.786964
233	-0.0709245	-0.777158	0.780388	-0.0709245	-0.777158	0.780388
234	-0.0549476	-0.771931	0.773884	-0.0549476	-0.771931	0.773884
235	-0.0389665	-0.766472	0.767462	-0.0389665	-0.766472	0.767462
236	-0.0229821	-0.760782	0.761129	-0.0229821	-0.760782	0.761129
237	-0.00699772	-0.754861	0.754893	-0.00699772	-0.754861	0.754893
238	0.00898293	-0.748711	0.748765	0.00898293	-0.748711	0.748765
239	0.0249588	-0.742333	0.742752	0.0249588	-0.742333	0.742752
240	0.0409229	-0.735729	0.736866	0.0409229	-0.735729	0.736866
241	0.0568761	-0.728899	0.731115	0.0568761	-0.728899	0.731115
242	0.0728101	-0.721847	0.72551	0.0728101	-0.721847	0.72551
243	0.0887259	-0.714572	0.72006	0.0887259	-0.714572	0.72006
244	0.104613	-0.707081	0.714778	0.104613	-0.707081	0.714778
245	0.120473	-0.699372	0.709672	0.120473	-0.699372	0.709672
246	0.136296	-0.69145	0.704755	0.136296	-0.69145	0.704755
247	0.152081	-0.683318	0.700037	0.152081	-0.683318	0.700037
248	0.167821	-0.674977	0.695527	0.167821	-0.674977	0.695527
249	0.183513	-0.666431	0.691236	0.183513	-0.666431	0.691236
250	0.199152	-0.657684	0.687175	0.199152	-0.657684	0.687175
251	0.214733	-0.648736	0.683351	0.214733	-0.648736	0.683351
252	0.230252	-0.639593	0.679776	0.230252	-0.639593	0.679776
253	0.245703	-0.630257	0.676457	0.245703	-0.630257	0.676457
254	0.261084	-0.620731	0.673404	0.261084	-0.620731	0.673404
255	0.276387	-0.61102	0.670623	0.276387	-0.61102	0.670623
256	0.291607	-0.601127	0.668123	0.291607	-0.601127	0.668123
257	0.306739	-0.591056	0.66591	0.306739	-0.591056	0.66591
258	0.321777	-0.58081	0.663989	0.321777	-0.58081	0.663989
259	0.336715	-0.570397	0.662366	0.336715	-0.570397	0.662366
260	0.351547	-0.559817	0.661045	0.351547	-0.559817	0.661045
261	0.366266	-0.549078	0.660029	0.366266	-0.549078	0.660029
262	0.380868	-0.538183	0.659319	0.380868	-0.538183	0.659319
263	0.395344	-0.527138	0.658917	0.395344	-0.527138	0.658917
264	0.40969	-0.515946	0.658822	0.40969	-0.515946	0.658822
265	0.423897	-0.504614	0.659033	0.423897	-0.504614	0.659033
266	0.43796	-0.493147	0.659547	0.43796	-0.493147	0.659547
267	0.45187	-0.48155	0.660361	0.45187	-0.48155	0.660361
268	0.465617	-0.469831	0.661468	0.465617	-0.469831	0.661468
269	0.479187	-0.457999	0.66286	0.479187	-0.457999	0.66286
270	0.492577	-0.446058	0.66453	0.492577	-0.446058	0.66453
271	0.505775	-0.434016	0.666467	0.505775	-0.434016	0.666467
272	0.51878	-0.421875	0.668664	0.51878	-0.421875	0.668664
273	0.531583	-0.409643	0.671109	0.531583	-0.409643	0.671109
274	0.544181	-0.397322	0.673793	0.544181	-0.397322	0.673793
275	0.556567	-0.384918	0.676704	0.556567	-0.384918	0.676704
276	0.568736	-0.372436	0.67983	0.568736	-0.372436	0.67983
277	0.580682	-0.359882	0.683159	0.580682	-0.359882	0.683159
278	0.592401	-0.347259	0.686679	0.592401	-0.347259	0.686679
279	0.603887	-0.334573	0.690375	0.603887	-0.334573	0.690375
280	0.615134	-0.321829	0.694236	0.615134	-0.321829	0.694236
281	0.626136	-0.309033	0.698246	0.626136	-0.309033	0.698246
282	0.636882	-0.296193	0.702388	0.636882	-0.296193	0.702388
283	0.647366	-0.283314	0.706646	0.647366	-0.283314	0.706646
284	0.65758	-0.270403	0.711006	0.65758	-0.270403	0.711006
285	0.667527	-0.25746	0.715457	0.667527	-0.25746	0.715457
286	0.677198	-0.244493	0.719982	0.677198	-0.244493	0.719982
287	0.686594	-0.231504	0.724573	0.686594	-0.231504	0.724573
288	0.695699	-0.218503	0.729205	0.695699	-0.218503	0.729205
289	0.704514	-0.205492	0.733871	0.704514	-0.205492	0.733871
290	0.713032	-0.192477	0.738554	0.713032	-0.192477	0.738554
291	0.721257	-0.17946	0.743248	0.721257	-0.17946	0.743248
292	0.729182	-0.166444	0.747937	0.729182	-0.166444	0.747937
293	0.73681	-0.153433	0.752616	0.73681	-0.153433	0.752616
294	0.744127	-0.140436	0.757263	0.744127	-0.140436	0.757263
295	0.751131	-0.127456	0.761868	0.751131	-0.127456	0.761868
296	0.757816	-0.114498	0.766417	0.757816	-0.114498	0.766417
297	0.764182	-0.101567	0.770902	0.764182	-0.101567	0.770902
298	0.770224	-0.0886663	0.775311	0.770224	-0.0886663	0.775311
299	0.775941	-0.0757995	0.779635	0.775941	-0.0757995	0.779635
300	0.781332	-0.06297	0.783865	0.781332	-0.06297	0.783865
301	0.786392	-0.0501829	0.787991	0.786392	-0.0501829	0.787991
302	0.791121	-0.0374407	0.792007	0.791121	-0.0374407	0.792007
303	0.795514	-0.0247492	0.795899	0.795514	-0.0247492	0.795899
304	0.79957	-0.0121114	0.799662	0.79957	-0.0121114	0.799662
305	0.803279	0.000464404	0.803279	0.803279	0.000464404	0.803279
306	0.806639	0.0129752	0.806743	0.806639	0.0129752	0.806743
307	0.809648	0.025417	0.810047	0.809648	0.025417	0.810047
308	0.812315	0.0377912	0.813193	0.812315	0.0377912	0.813193
309	0.814632	0.0500912	0.81617	0.814632	0.0500912	0.81617
310	0.816597	0.0623137	0.818972	0.816597	0.0623137	0.818972
311	0.818208	0.0744534	0.821588	0.818208	0.0744534	0.821588
312	0.819464	0.0865084	0.824018	0.819464	0.0865084	0.824018
313	0.820375	0.09848	0.826265	0.820375	0.09848	0.826265
314	0.820954	0.110372	0.82834	0.820954	0.110372	0.82834
315	0.821216	0.122189	0.830256	0.821216	0.122189	0.830256
316	0.82118	0.133937	0.832031	0.82118	0.133937	0.832031
317	0.820876	0.145628	0.833693	0.820876	0.145628	0.833693
318	0.82034	0.157276	0.83528	0.82034	0.157276	0.83528
319	0.81964	0.168912	0.836864	0.81964	0.168912	0.836864
320	0.818793	0.180539	0.838461	0.818793	0.180539	0.838461
321	0.817861	0.192184	0.840138	0.817861	0.192184	0.840138
322	0.816824	0.203833	0.841872	0.816824	0.203833	0.841872
323	0.815687	0.215484	0.84367	0.815687	0.215484	0.84367
324	0.814396	0.227107	0.845469	0.814396	0.227107	0.845469
325	0.812938	0.23869	0.847255	0.812938	0.23869	0.847255
326	0.811293	0.250221	0.849003	0.811293	0.250221	0.849003
327	0.809461	0.261696	0.850713	0.809461	0.261696	0.850713
328	0.807429	0.273104	0.852366	0.807429	0.273104	0.852366
329	0.805178	0.284433	0.853941	0.805178	0.284433	0.853941
330	0.80269	0.29567	0.855413	0.80269	0.29567	0.855413
331	0.799946	0.306802	0.856762	0.799946	0.306802	0.856762
332	0.796933	0.317821	0.85797	0.796933	0.317821	0.85797
333	0.793635	0.328713	0.859016	0.793635	0.328713	0.859016
334	0.790042	0.339473	0.859888	0.790042	0.339473	0.859888
335	0.786148	0.350094	0.860578	0.786148	0.350094	0.860578
336	0.781953	0.360571	0.861082	0.781953	0.360571	0.861082
337	0.777453	0.370901	0.861395	0.777453	0.370901	0.861395
338	0.772651	0.381081	0.861517	0.772651	0.381081	0.861517
339	0.767554	0.39111	0.861456	0.767554	0.39111	0.861456
340	0.762169	0.40099	0.861217	0.762169	0.40099	0.861217
341	0.756496	0.410717	0.860799	0.756496	0.410717	0.860799
342	0.750529	0.420284	0.860194	0.750529	0.420284	0.860194
343	0.744267	0.429688	0.859398	0.744267	0.429688	0.859398
344	0.737707	0.438925	0.858409	0.737707	0.438925	0.858409
345	0.730845	0.447989	0.857221	0.730845	0.447989	0.857221
346	0.723671	0.456872	0.855822	0.723671	0.456872	0.855822
347	0.716171	0.465566	0.854198	0.716171	0.465566	0.854198
348	0.708335	0.474063	0.852335	0.708335	0.474063	0.852335
349	0.70015	0.482354	0.850221	0.70015	0.482354	0.850221
350	0.691625	0.49044	0.847866	0.691625	0.49044	0.847866
351	0.682752	0.498316	0.845263	0.682752	0.498316	0.845263
352	0.673551	0.505986	0.842433	0.673551	0.505986	0.842433
353	0.664016	0.513445	0.839371	0.664016	0.513445	0.839371
354	0.654164	0.520699	0.836097	0.654164	0.520699	0.836097
355	0.644005	0.527748	0.832623	0.644005	0.527748	0.832623
356	0.633556	0.534597	0.828967	0.633556	0.534597	0.828967
357	0.622831	0.541249	0.825148	0.622831	0.541249	0.825148
358	0.611838	0.547704	0.821173	0.611838	0.547704	0.821173
359	0.600593	0.553966	0.817062	0.600593	0.553966	0.817062
360	0.589109	0.560038	0.81283	0.589109	0.560038	0.81283
361	0.577393	0.56592	0.808485	0.577393	0.56592	0.808485
362	0.565454	0.571613	0.804039	0.565454	0.571613	0.804039
363	0.553299	0.577115	0.799501	0.553299	0.577115	0.799501
364	0.540937	0.582429	0.794882	0.540937	0.582429	0.794882
365	0.52837	0.587552	0.790185	0.52837	0.587552	0.790185
366	0.515606	0.592484	0.785421	0.515606	0.592484	0.785421
367	0.502646	0.597223	0.780595	0.502646	0.597223	0.780595
368	0.489495	0.601768	0.775713	0.489495	0.601768	0.775713
369	0.476157	0.606117	0.770781	0.476157	0.606117	0.770781
370	0.462635	0.61027	0.765807	0.462635	0.61027	0.765807
371	0.448937	0.614225	0.7608	0.448937	0.614225	0.7608
372	0.435066	0.617983	0.755768	0.435066	0.617983	0.755768
373	0.421033	0.621544	0.750723	0.421033	0.621544	0.750723
374	0.406842	0.624907	0.745674	0.406842	0.624907	0.745674
375	0.392501	0.628073	0.74063	0.392501	0.628073	0.74063
376	0.378002	0.631036	0.73559	0.378002	0.631036	0.73559
377	0.363338	0.633791	0.730551	0.363338	0.633791	0.730551
378	0.348503	0.636331	0.725515	0.348503	0.636331	0.725515
379	0.333492	0.638654	0.720483	0.333492	0.638654	0.720483
380	0.318315	0.640759	0.71547	0.318315	0.640759	0.71547
381	0.302977	0.642648	0.710487	0.302977	0.642648	0.710487
382	0.287493	0.644324	0.705553	0.287493	0.644324	0.705553
383	0.271869	0.645786	0.70068	0.271869	0.645786	0.70068
384	0.256113	0.647036	0.69588	0.256113	0.647036	0.69588
385	0.240229	0.648072	0.691163	0.240229	0.648072	0.691163
386	0.224221	0.648894	0.686541	0.224221	0.648894	0.686541
387	0.208094	0.649501	0.682023	0.208094	0.649501	0.682023
388	0.191851	0.649894	0.67762	0.191851	0.649894	0.67762
389	0.1755	0.650072	0.673346	0.1755	0.650072	0.673346
390	0.159044	0.650035	0.669209	0.159044	0.650035	0.669209
391	0.142491	0.649784	0.665224	0.142491	0.649784	0.665224
392	0.125845	0.649318	0.6614	0.125845	0.649318	0.6614
393	0.109115	0.648639	0.657752	0.109115	0.648639	0.657752
394	0.0923075	0.647747	0.654291	0.0923075	0.647747	0.654291
395	0.0754321	0.646645	0.651029	0.0754321	0.646645	0.651029
396	0.0584962	0.645333	0.647978	0.0584962	0.645333	0.647978
397	0.0415079	0.643812	0.645149	0.0415079	0.643812	0.645149
398	0.0244742	0.642084	0.64255	0.0244742	0.642084	0.64255
399	0.00740275	0.64015	0.640192	0.00740275	0.64015	0.640192
400	-0.00970037	0.638009	0.638083	-0.00970037	0.638009	0.638083
401	-0.0268277	0.635665	0.636231	-0.0268277	0.635665	0.636231
402	-0.0439724	0.633117	0.634642	-0.0439724	0.633117	0.634642
403	-0.0611269	0.630367	0.633324	-0.0611269	0.630367	0.633324
404	-0.0782848	0.627417	0.632282	-0.0782848	0.627417	0.632282
405	-0.0954379	0.624266	0.63152	-0.0954379	0.624266	0.63152
406	-0.11258	0.620918	0.631041	-0.11258	0.620918	0.631041
407	-0.129702	0.617373	0.63085	-0.129702	0.617373	0.63085
408	-0.1468	0.613632	0.630948	-0.1468	0.613632	0.630948
409	-0.163865	0.609698	0.631335	-0.163865	0.609698	0.631335
410	-0.180892	0.605571	0.632011	-0.180892	0.605571	0.632011
411	-0.197873	0.601252	0.632976	-0.197873	0.601252	0.632976
412	-0.214802	0.596745	0.634227	-0.214802	0.596745	0.634227
413	-0.231666	0.592051	0.635762	-0.231666	0.592051	0.635762
414	-0.248462	0.587171	0.637576	-0.248462	0.587171	0.637576
415	-0.265184	0.582108	0.639666	-0.265184	0.582108	0.639666
416	-0.281826	0.576862	0.642025	-0.281826	0.576862	0.642025
417	-0.298385	0.571434	0.644647	-0.298385	0.571434	0.644647
418	-0.314853	0.565826	0.647527	-0.314853	0.565826	0.647527
419	-0.331228	0.560038	0.650657	-0.331228	0.560038	0.650657
420	-0.347503	0.554074	0.65403	-0.347503	0.554074	0.65403
421	-0.363676	0.547932	0.657639	-0.363676	0.547932	0.657639
422	-0.379738	0.541616	0.661475	-0.379738	0.541616	0.661475
423	-0.395689	0.535126	0.665529	-0.395689	0.535126	0.665529
424	-0.411521	0.528464	0.669794	-0.411521	0.528464	0.669794
425	-0.427232	0.521632	0.67426	-0.427232	0.521632	0.67426
426	-0.442815	0.514631	0.678919	-0.442815	0.514631	0.678919
427	-0.458269	0.507463	0.683761	-0.458269	0.507463	0.683761
428	-0.473586	0.50013	0.688777	-0.473586	0.50013	0.688777
429	-0.488766	0.492632	0.693959	-0.488766	0.492632	0.693959
430	-0.503801	0.484973	0.699296	-0.503801	0.484973	0.699296
431	-0.518691	0.477153	0.70478	-0.518691	0.477153	0.70478
432	-0.53343	0.469174	0.710403	-0.53343	0.469174	0.710403
433	-0.548013	0.461039	0.716154	-0.548013	0.461039	0.716154
434	-0.562439	0.45275	0.722025	-0.562439	0.45275	0.722025
435	-0.576703	0.444307	0.728008	-0.576703	0.444307	0.728008
436	-0.590804	0.435713	0.734094	-0.590804	0.435713	0.734094
437	-0.604731	0.426971	0.740273	-0.604731	0.426971	0.740273
438	-0.618481	0.418085	0.746535	-0.618481	0.418085	0.746535
439	-0.632052	0.409056	0.752872	-0.632052	0.409056	0.752872
440	-0.645439	0.399886	0.759277	-0.645439	0.399886	0.759277
441	-0.658642	0.390577	0.765741	-0.658642	0.390577	0.765741
442	-0.671659	0.38113	0.77226	-0.671659	0.38113	0.77226
443	-0.684489	0.371547	0.778827	-0.684489	0.371547	0.778827
444	-0.697129	0.361831	0.785436	-0.697129	0.361831	0.785436
445	-0.709579	0.351982	0.792082	-0.709579	0.351982	0.792082
446	-0.721836	0.342003	0.798757	-0.721836	0.342003	0.798757
447	-0.733899	0.331896	0.805458	-0.733899	0.331896	0.805458
448	-0.745767	0.321663	0.812179	-0.745767	0.321663	0.812179
449	-0.757437	0.311306	0.818915	-0.757437	0.311306	0.818915
450	-0.768907	0.300828	0.82566	-0.768907	0.300828	0.82566
451	-0.780175	0.290231	0.83241	-0.780175	0.290231	0.83241
452	-0.791238	0.279519	0.839159	-0.791238	0.279519	0.839159
453	-0.802094	0.268692	0.845903	-0.802094	0.268692	0.845903
454	-0.81274	0.257756	0.852634	-0.81274	0.257756	0.852634
455	-0.823175	0.246712	0.859351	-0.823175	0.246712	0.859351
456	-0.833393	0.235564	0.866045	-0.833393	0.235564	0.866045
457	-0.843394	0.224315	0.872714	-0.843394	0.224315	0.872714
458	-0.853172	0.212968	0.879351	-0.853172	0.212968	0.879351
459	-0.862727	0.201527	0.885952	-0.862727	0.201527	0.885952
460	-0.872054	0.189995	0.892511	-0.872054	0.189995	0.892511
461	-0.881152	0.178374	0.899026	-0.881152	0.178374	0.899026
462	-0.890017	0.16667	0.905488	-0.890017	0.16667	0.905488
463	-0.898647	0.154884	0.911897	-0.898647	0.154884	0.911897
464	-0.907039	0.143022	0.918246	-0.907039	0.143022	0.918246
465	-0.915191	0.131085	0.924531	-0.915191	0.131085	0.924531
466	-0.923101	0.119078	0.930749	-0.923101	0.119078	0.930749
467	-0.930766	0.107004	0.936896	-0.930766	0.107004	0.936896
468	-0.938184	0.0948671	0.942968	-0.938184	0.0948671	0.942968
469	-0.945352	0.0826704	0.94896	-0.945352	0.0826704	0.94896
470	-0.952272	0.0704174	0.954872	-0.952272	0.0704174	0.954872
471	-0.958939	0.0581115	0.960698	-0.958939	0.0581115	0.960698
472	-0.965357	0.045755	0.966441	-0.965357	0.045755	0.966441
473	-0.971521	0.0333524	0.972094	-0.971521	0.0333524	0.972094
474	-0.977433	0.0209065	0.977656	-0.977433	0.0209065	0.977656
475	-0.983087	0.00842192	0.983123	-0.983087	0.00842192	0.983123
476	-0.988485	-0.00409825	0.988494	-0.988485	-0.00409825	0.988494
477	-0.993625	-0.01665	0.993764	-0.993625	-0.01665	0.993764
478	-0.998504	-0.0292295	0.998932	-0.998504	-0.0292295	0.998932
479	-1.00312	-0.0418334	1.00399	-1.00312	-0.0418334	1.00399
480	-1.00748	-0.0544572	1.00895	-1.00748	-0.0544572	1.00895
481	-1.01157	-0.0670981	1.0138	-1.01157	-0.0670981	1.0138
482	-1.0154	-0.0797513	1.01853	-1.0154	-0.0797513	1.01853
483	-1.01897	-0.0924141	1.02315	-1.01897	-0.0924141	1.02315
484	-1.02227	-0.105081	1.02766	-1.02227	-0.105081	1.02766
485	-1.02531	-0.117751	1.03204	-1.02531	-0.117751	1.03204
486	-1.02807	-0.130417	1.03631	-1.02807	-0.130417	1.03631
487	-1.03058	-0.143077	1.04046	-1.03058	-0.143077	1.04046
488	-1.03281	-0.155727	1.04448	-1.03281	-0.155727	1.04448
489	-1.03478	-0.168364	1.04838	-1.03478	-0.168364	1.04838
490	-1.03648	-0.180982	1.05216	-1.03648	-0.180982	1.05216
491	-1.03791	-0.193579	1.05581	-1.03791	-0.193579	1.05581
492	-1.03907	-0.20615	1.05932	-1.03907	-0.20615	1.05932
493	-1.03997	-0.218693	1.06271	-1.03997	-0.218693	1.06271
494	-1.0406	-0.231202	1.06597	-1.0406	-0.231202	1.06597
495	-1.04096	-0.243674	1.0691	-1.04096	-0.243674	1.0691
496	-1.04105	-0.256105	1.07209	-1.04105	-0.256105	1.07209
497	-1.04088	-0.268492	1.07495	-1.04088	-0.268492	1.07495
498	-1.04044	-0.28083	1.07767	-1.04044	-0.28083	1.07767
499	-1.03974	-0.293116	1.08026	-1.03974	-0.293116	1.08026
500	-1.03877	-0.305347	1.08271	-1.03877	-0.305347	1.08271
501	-1.03753	-0.317517	1.08503	-1.03753	-0.317517	1.08503
502	-1.03603	-0.329624	1.08721	-1.03603	-0.329624	1.08721
503	-1.03427	-0.341664	1.08924	-1.03427	-0.341664	1.08924
504	-1.03225	-0.353632	1.09114	-1.03225	-0.353632	1.09114
505	-1.02996	-0.365526	1.0929	-1.02996	-0.365526	1.0929
506	-1.02742	-0.377341	1.09452	-1.02742	-0.377341	1.09452
507	-1.02459	-0.389061	1.09597	-1.02459	-0.389061	1.09597
508	-1.02153	-0.400709	1.09731	-1.02153	-0.400709	1.09731
509	-1.0182	-0.412262	1.09849	-1.0182	-0.412262	1.09849
510	-1.01461	-0.423722	1.09954	-1.01461	-0.423722	1.09954
511	-1.01078	-0.435085	1.10044	-1.01078	-0.435085	1.10044
512	-1.00669	-0.446347	1.1012	-1.00669	-0.446347	1.1012
513	-1.00235	-0.457506	1.10182	-1.00235	-0.457506	1.10182
514	-0.997754	-0.468557	1.1023	-0.997754	-0.468557	1.1023
515	-0.992914	-0.479497	1.10263	-0.992914	-0.479497	1.10263
516	-0.987828	-0.490322	1.10282	-0.987828	-0.490322	1.10282
517	-0.982498	-0.501029	1.10287	-0.982498	-0.501029	1.10287
518	-0.976924	-0.511615	1.10278	-0.976924	-0.511615	1.10278
519	-0.97111	-0.522076	1.10255	-0.97111	-0.522076	1.10255
520	-0.965056	-0.532408	1.10218	-0.965056	-0.532408	1.10218
521	-0.958765	-0.542609	1.10166	-0.958765	-0.542609	1.10166
522	-0.952239	-0.552675	1.101	-0.952239	-0.552675	1.101
523	-0.94548	-0.562603	1.10021	-0.94548	-0.562603	1.10021
524	-0.938491	-0.57239	1.09927	-0.938491	-0.57239	1.09927
525	-0.931272	-0.582032	1.09819	-0.931272	-0.582032	1.09819
526	-0.923827	-0.591526	1.09698	-0.923827	-0.591526	1.09698
527	-0.916159	-0.600869	1.09562	-0.916159	-0.600869	1.09562
528	-0.908269	-0.610059	1.09413	-0.908269	-0.610059	1.09413
529	-0.900159	-0.619092	1.0925	-0.900159	-0.619092	1.0925
530	-0.891833	-0.627965	1.09074	-0.891833	-0.627965	1.09074
531	-0.883293	-0.636675	1.08884	-0.883293	-0.636675	1.08884
532	-0.874541	-0.64522	1.0868	-0.874541	-0.64522	1.0868
533	-0.865581	-0.653596	1.08463	-0.865581	-0.653596	1.08463
534	-0.856414	-0.661801	1.08232	-0.856414	-0.661801	1.08232
535	-0.847045	-0.669833	1.07989	-0.847045	-0.669833	1.07989
536	-0.837475	-0.677687	1.07732	-0.837475	-0.677687	1.07732
537	-0.827708	-0.685364	1.07463	-0.827708	-0.685364	1.07463
538	-0.817746	-0.692858	1.0718	-0.817746	-0.692858	1.0718
539	-0.807593	-0.700168	1.06885	-0.807593	-0.700168	1.06885
540	-0.797251	-0.707292	1.06577	-0.797251	-0.707292	1.06577
541	-0.786725	-0.714227	1.06257	-0.786725	-0.714227	1.06257
542	-0.776016	-0.720971	1.05924	-0.776016	-0.720971	1.05924
543	-0.765129	-0.727522	1.0558	-0.765129	-0.727522	1.0558
544	-0.754066	-0.733877	1.05223	-0.754066	-0.733877	1.05223
545	-0.742831	-0.740035	1.04855	-0.742831	-0.740035	1.04855
546	-0.731427	-0.745993	1.04474	-0.731427	-0.745993	1.04474
547	-0.719859	-0.75175	1.04083	-0.719859	-0.75175	1.04083
548	-0.708128	-0.757303	1.0368	-0.708128	-0.757303	1.0368
549	-0.696241	-0.762652	1.03266	-0.696241	-0.762652	1.03266
550	-0.684198	-0.767794	1.02841	-0.684198	-0.767794	1.02841
551	-0.672005	-0.772728	1.02406	-0.672005	-0.772728	1.02406
552	-0.659665	-0.777451	1.0196	-0.659665	-0.777451	1.0196
553	-0.647183	-0.781963	1.01504	-0.647183	-0.781963	1.01504
554	-0.63456	-0.786262	1.01038	-0.63456	-0.786262	1.01038
555	-0.621804	-0.790348	1.00563	-0.621804	-0.790348	1.00563
556	-0.608915	-0.794218	1.00078	-0.608915	-0.794218	1.00078
557	-0.595899	-0.797871	0.995838	-0.595899	-0.797871	0.995838
558	-0.582763	-0.801308	0.990811	-0.582763	-0.801308	0.990811
559	-0.569505	-0.804525	0.985696	-0.569505	-0.804525	0.985696
560	-0.556135	-0.807524	0.980501	-0.556135	-0.807524	0.980501
561	-0.542654	-0.810302	0.975225	-0.542654	-0.810302	0.975225
562	-0.529068	-0.812861	0.969874	-0.529068	-0.812861	0.969874
563	-0.51538	-0.815197	0.96445	-0.51538	-0.815197	0.96445
564	-0.501597	-0.817313	0.958957	-0.501597	-0.817313	0.958957
565	-0.487721	-0.819205	0.953399	-0.487721	-0.819205	0.953399
566	-0.473758	-0.820876	0.947779	-0.473758	-0.820876	0.947779
567	-0.459712	-0.822324	0.9421	-0.459712	-0.822324	0.9421
568	-0.445589	-0.82355	0.936368	-0.445589	-0.82355	0.936368
569	-0.431393	-0.824553	0.930585	-0.431393	-0.824553	0.930585
570	-0.417129	-0.825334	0.924756	-0.417129	-0.825334	0.924756
571	-0.402803	-0.825893	0.918885	-0.402803	-0.825893	0.918885
572	-0.388419	-0.82623	0.912976	-0.388419	-0.82623	0.912976
573	-0.373983	-0.826346	0.907035	-0.373983	-0.826346	0.907035
574	-0.3595	-0.826241	0.901063	-0.3595	-0.826241	0.901063
575	-0.344976	-0.825917	0.895068	-0.344976	-0.825917	0.895068
576	-0.330414	-0.825373	0.889052	-0.330414	-0.825373	0.889052
577	-0.315824	-0.824612	0.883023	-0.315824	-0.824612	0.883023
578	-0.301207	-0.823633	0.876982	-0.301207	-0.823633	0.876982
579	-0.286573	-0.82244	0.870937	-0.286573	-0.82244	0.870937
580	-0.271923	-0.82103	0.864889	-0.271923	-0.82103	0.864889
581	-0.257269	-0.81941	0.858848	-0.257269	-0.81941	0.858848
582	-0.242611	-0.817576	0.852813	-0.242611	-0.817576	0.852813
583	-0.227961	-0.815535	0.846796	-0.227961	-0.815535	0.846796
584	-0.21332	-0.813284	0.840795	-0.21332	-0.813284	0.840795
585	-0.1987	-0.810829	0.834821	-0.1987	-0.810829	0.834821
586	-0.184101	-0.808169	0.828873	-0.184101	-0.808169	0.828873
587	-0.169536	-0.80531	0.822962	-0.169536	-0.80531	0.822962
588	-0.155007	-0.80225	0.817088	-0.155007	-0.80225	0.817088
589	-0.140524	-0.798995	0.811259	-0.140524	-0.798995	0.811259
590	-0.126093	-0.795547	0.805477	-0.126093	-0.795547	0.805477
591	-0.111721	-0.791907	0.799749	-0.111721	-0.791907	0.799749
592	-0.0974169	-0.788082	0.79408	-0.0974169	-0.788082	0.79408
593	-0.0831841	-0.78407	0.78847	-0.0831841	-0.78407	0.78847
594	-0.0690389	-0.77988	0.78293	-0.0690389	-0.77988	0.78293
595	-0.0549766	-0.775509	0.777455	-0.0549766	-0.775509	0.777455
596	-0.0410217	-0.77097	0.77206	-0.0410217	-0.77097	0.77206
597	-0.0271666	-0.766257	0.766738	-0.0271666	-0.766257	0.766738
598	-0.013431	-0.761381	0.7615	-0.013431	-0.761381	0.7615
599	0.000182329	-0.756343	0.756343	0.000182329	-0.756343	0.756343
600	0.013663	-0.751148	0.751273	0.013663	-0.751148	0.751273
601	0.0269983	-0.745803	0.746292	0.0269983	-0.745803	0.746292
602	0.0401881	-0.740308	0.741398	0.0401881	-0.740308	0.741398
603	0.0532117	-0.734672	0.736597	0.0532117	-0.734672	0.736597
604	0.0660561	-0.728905	0.731892	0.0660561	-0.728905	0.731892
605	0.0787302	-0.723	0.727274	0.0787302	-0.723	0.727274
606	0.0911986	-0.716976	0.722753	0.0911986	-0.716976	0.722753
607	0.103473	-0.710828	0.71832	0.103473	-0.710828	0.71832
608	0.115522	-0.704573	0.71398	0.115522	-0.704573	0.71398
609	0.127351	-0.698207	0.709726	0.127351	-0.698207	0.709726
610	0.138933	-0.691746	0.70556	0.138933	-0.691746	0.70556
611	0.150267	-0.68519	0.701474	0.150267	-0.68519	0.701474
612	0.161331	-0.678551	0.697467	0.161331	-0.678551	0.697467
613	0.172117	-0.671836	0.693532	0.172117	-0.671836	0.693532
614	0.182607	-0.665052	0.689666	0.182607	-0.665052	0.689666
615	0.192787	-0.658209	0.685861	0.192787	-0.658209	0.685861
616	0.202643	-0.651313	0.68211	0.202643	-0.651313	0.68211
617	0.212155	-0.644378	0.678405	0.212155	-0.644378	0.678405
618	0.221315	-0.637408	0.674737	0.221315	-0.637408	0.674737
619	0.230091	-0.63042	0.671097	0.230091	-0.63042	0.671097
620	0.238482	-0.623416	0.667473	0.238482	-0.623416	0.667473
621	0.24645	-0.616416	0.663857	0.24645	-0.616416	0.663857
622	0.253996	-0.609421	0.660233	0.253996	-0.609421	0.660233
623	0.261074	-0.602457	0.656592	0.261074	-0.602457	0.656592
624	0.26769	-0.595519	0.652918	0.26769	-0.595519	0.652918
625	0.273791	-0.58864	0.649198	0.273791	-0.58864	0.649198
626	0.279384	-0.581813	0.645416	0.279384	-0.581813	0.645416
627	0.28443	-0.575061	0.641557	0.28443	-0.575061	0.641557
628	0.288866	-0.56842	0.637609	0.288866	-0.56842	0.637609
629	0.292743	-0.561861	0.633551	0.292743	-0.561861	0.633551
630	0.295939	-0.555452	0.62937	0.295939	-0.555452	0.62937
631	0.298516	-0.549157	0.625049	0.298516	-0.549157	0.625049
632	0.300346	-0.543049	0.620573	0.300346	-0.543049	0.620573
633	0.301492	-0.537093	0.615927	0.301492	-0.537093	0.615927
634	0.301818	-0.531361	0.611096	0.301818	-0.531361	0.611096
635	0.301384	-0.525822	0.60607	0.301384	-0.525822	0.60607
636	0.300054	-0.520549	0.600836	0.300054	-0.520549	0.600836
637	0.297875	-0.515516	0.595388	0.297875	-0.515516	0.595388
638	0.294718	-0.510793	0.589719	0.294718	-0.510793	0.589719
639	0.290612	-0.506363	0.583831	0.290612	-0.506363	0.583831
640	0.285439	-0.50229	0.577729	0.285439	-0.50229	0.577729
641	0.279205	-0.498568	0.571424	0.279205	-0.498568	0.571424
642	0.271805	-0.495253	0.564937	0.271805	-0.495253	0.564937
643	0.26322	-0.492355	0.558299	0.26322	-0.492355	0.558299
644	0.25336	-0.489919	0.551554	0.25336	-0.489919	0.551554
645	0.24218	-0.487968	0.544761	0.24218	-0.487968	0.544761
646	0.229603	-0.486541	0.537996	0.229603	-0.486541	0.537996
647	0.21556	-0.485672	0.53136	0.21556	-0.485672	0.53136
648	0.199987	-0.485393	0.524977	0.199987	-0.485393	0.524977
649	0.182794	-0.485748	0.519004	0.182794	-0.485748	0.519004
650	0.163922	-0.486765	0.513625	0.163922	-0.486765	0.513625
651	0.143273	-0.488493	0.50907	0.143273	-0.488493	0.50907
652	0.120783	-0.49096	0.505599	0.120783	-0.49096	0.505599
653	0.0963608	-0.494211	0.503517	0.0963608	-0.494211	0.503517
654	0.0699205	-0.498285	0.503167	0.0699205	-0.498285	0.503167
655	0.0414058	-0.503207	0.504908	0.0414058	-0.503207	0.504908
656	0.0106849	-0.50904	0.509152	0.0106849	-0.50904	0.509152
657	-0.022228	-0.515769	0.516248	-0.022228	-0.515769	0.516248
658	-0.0575391	-0.523497	0.526649	-0.0575391	-0.523497	0.526649
659	-0.0951234	-0.532149	0.540584	-0.0951234	-0.532149	0.540584
660	-0.135279	-0.541876	0.558507	-0.135279	-0.541876	0.558507
661	-0.177757	-0.552536	0.580426	-0.177757	-0.552536	0.580426
662	-0.222917	-0.564312	0.606746	-0.222917	-0.564312	0.606746
663	-0.270401	-0.577007	0.637223	-0.270401	-0.577007	0.637223
664	-0.320584	-0.590807	0.672181	-0.320584	-0.590807	0.672181
665	-0.373019	-0.605473	0.711154	-0.373019	-0.605473	0.711154
666	-0.428041	-0.621169	0.754367	-0.428041	-0.621169	0.754367
667	-0.485133	-0.637621	0.801196	-0.485133	-0.637621	0.801196
668	-0.544527	-0.654942	0.851738	-0.544527	-0.654942	0.851738
669	-0.605667	-0.67284	0.905288	-0.605667	-0.67284	0.905288
670	-0.668604	-0.691336	0.961757	-0.668604	-0.691336	0.961757
671	-0.732781	-0.710143	1.02043	-0.732781	-0.710143	1.02043
672	-0.797998	-0.729158	1.08096	-0.797998	-0.729158	1.08096
673	-0.864134	-0.748318	1.14311	-0.864134	-0.748318	1.14311
674	-0.933909	-0.768986	1.20976	-0.933909	-0.768986	1.20976
675	-1.0082	-0.791584	1.28182	-1.0082	-0.791584	1.28182
676	-1.09345	-0.819303	1.36634	-1.09345	-0.819303	1.36634
677	-1.19149	-0.853005	1.46535	-1.19149	-0.853005	1.46535
678	-1.29682	-0.88991	1.5728	-1.29682	-0.88991	1.5728
679	-1.40481	-0.927699	1.68349	-1.40481	-0.927699	1.68349
680	-1.5153	-0.966286	1.79718	-1.5153	-0.966286	1.79718
681	-1.6282	-1.00562	1.91371	-1.6282	-1.00562	1.91371
682	-1.74587	-1.04684	2.03567	-1.74587	-1.04684	2.03567
683	-1.87232	-1.09189	2.16745	-1.87232	-1.09189	2.16745
684	-2.00708	-1.1405	2.30849	-2.00708	-1.1405	2.30849
685	-2.1528	-1.19389	2.46169	-2.1528	-1.19389	2.46169
686	-2.48111	-1.33466	2.81731	-2.48111	-1.33466	2.81731
687	-2.66486	-1.40495	3.01253	-2.66486	-1.40495	3.01253
688	-2.85475	-1.47753	3.21445	-2.85475	-1.47753	3.21445
689	-3.04513	-1.54969	3.41677	-3.04513	-1.54969	3.41677
690	-3.22652	-1.61692	3.609	-3.22652	-1.61692	3.609
691	-3.38951	-1.67483	3.78072	-3.38951	-1.67483	3.78072
692	-3.52712	-1.72023	3.92426	-3.52712	-1.72023	3.92426
693	-3.6356	-1.7515	4.03551	-3.6356	-1.7515	4.03551
694	-3.70927	-1.76611	4.10826	-3.70927	-1.76611	4.10826
695	-3.74815	-1.76428	4.14262	-3.74815	-1.76428	4.14262
696	-3.75486	-1.7474	4.14154	-3.75486	-1.7474	4.14154
697	-3.7317	-1.7167	4.10764	-3.7317	-1.7167	4.10764
698	-3.68574	-1.6756	4.04874	-3.68574	-1.6756	4.04874
699	-3.61756	-1.62448	3.96556	-3.61756	-1.62448	3.96556
700	-3.53314	-1.56621	3.86472	-3.53314	-1.56621	3.86472
701	-3.43589	-1.50242	3.75001	-3.43589	-1.50242	3.75001
702	-3.32777	-1.43407	3.62362	-3.32777	-1.43407	3.62362
703	-3.21321	-1.36323	3.49043	-3.21321	-1.36323	3.49043
704	-3.09472	-1.29108	3.35323	-3.09472	-1.29108	3.35323
705	-2.97292	-1.2179	3.21271	-2.97292	-1.2179	3.21271
706	-2.8494	-1.14444	3.07064	-2.8494	-1.14444	3.07064
707	-2.72504	-1.07109	2.92798	-2.72504	-1.07109	2.92798
708	-2.59922	-0.997596	2.78409	-2.59922	-0.997596	2.78409
709	-2.46974	-0.922985	2.63657	-2.46974	-0.922985	2.63657
710	-2.34078	-0.849126	2.49003	-2.34078	-0.849126	2.49003
711	-2.21664	-0.777911	2.34918	-2.21664	-0.777911	2.34918
712	-2.09867	-0.709908	2.21549	-2.09867	-0.709908	2.21549
713	-1.98579	-0.644619	2.08779	-1.98579	-0.644619	2.08779
714	-1.8789	-0.58242	1.9671	-1.8789	-0.58242	1.9671
715	-1.77719	-0.522927	1.85253	-1.77719	-0.522927	1.85253
716	-1.68093	-0.466235	1.74439	-1.68093	-0.466235	1.74439
717	-1.58993	-0.412241	1.6425	-1.58993	-0.412241	1.6425
718	-1.50379	-0.360751	1.54646	-1.50379	-0.360751	1.54646
719	-1.42285	-0.311885	1.45663	-1.42285	-0.311885	1.45663
